[debug] [2021-10-31T02:52:36.631Z] ----------------------------------------------------------------------
[debug] [2021-10-31T02:52:36.635Z] Command:       C:\Program Files\nodejs\node.exe C:\Users\user\AppData\Roaming\npm\node_modules\firebase-tools\lib\bin\firebase.js init
[debug] [2021-10-31T02:52:36.636Z] CLI Version:   9.21.0
[debug] [2021-10-31T02:52:36.636Z] Platform:      win32
[debug] [2021-10-31T02:52:36.636Z] Node Version:  v14.17.1
[debug] [2021-10-31T02:52:36.637Z] Time:          Sun Oct 31 2021 08:52:36 GMT+0600 (Bangladesh Standard Time)
[debug] [2021-10-31T02:52:36.638Z] ----------------------------------------------------------------------
[debug] 
[debug] [2021-10-31T02:52:36.717Z] > command requires scopes: ["email","openid","https://www.googleapis.com/auth/cloudplatformprojects.readonly","https://www.googleapis.com/auth/firebase","https://www.googleapis.com/auth/cloud-platform"]
[debug] [2021-10-31T02:52:36.717Z] > authorizing via signed-in user (nazrul.com200@gmail.com)
[info] 
     ######## #### ########  ######## ########     ###     ######  ########
     ##        ##  ##     ## ##       ##     ##  ##   ##  ##       ##
     ######    ##  ########  ######   ########  #########  ######  ######
     ##        ##  ##    ##  ##       ##     ## ##     ##       ## ##
     ##       #### ##     ## ######## ########  ##     ##  ######  ########

You're about to initialize a Firebase project in this directory:

  C:\assainment\tourist-hotel-main

Before we get started, keep in mind:

  * You are currently outside your home directory
  * You are initializing within an existing Firebase project directory

